<?xml version="1.0" encoding="UTF-8"?>
<testsuite name="CalculatorTest" tests="1" skipped="0" failures="0" errors="0" timestamp="2022-10-19T06:33:10" hostname="gimseol-yeong-ui-MacBookPro.local" time="0.032">
  <properties/>
  <testcase name="test()" classname="CalculatorTest" time="0.032"/>
  <system-out><![CDATA[[1, 0, 1, 0, 1, 1]
]]></system-out>
  <system-err><![CDATA[]]></system-err>
</testsuite>
